{
"/Users/olegbelousov/dev/kaparaio/fullstack/sockets/base.js":{"path":"/Users/olegbelousov/dev/kaparaio/fullstack/sockets/base.js","s":{"1":1,"2":1,"3":1,"4":10,"5":10,"6":10,"7":7,"8":7,"9":0,"10":0,"11":7,"12":7,"13":10,"14":1,"15":1,"16":1,"17":1,"18":1,"19":10,"20":1,"21":1,"22":10,"23":7,"24":1,"25":1},"b":{"1":[0,7],"2":[7,0]},"f":{"1":1,"2":10,"3":7,"4":1,"5":1,"6":7},"fnMap":{"1":{"name":"handleSocket","line":3,"loc":{"start":{"line":3,"column":20},"end":{"line":3,"column":47}}},"2":{"name":"(anonymous_2)","line":6,"loc":{"start":{"line":6,"column":22},"end":{"line":6,"column":40}}},"3":{"name":"(anonymous_3)","line":9,"loc":{"start":{"line":9,"column":34},"end":{"line":9,"column":48}}},"4":{"name":"(anonymous_4)","line":20,"loc":{"start":{"line":20,"column":25},"end":{"line":20,"column":46}}},"5":{"name":"(anonymous_5)","line":34,"loc":{"start":{"line":34,"column":35},"end":{"line":34,"column":48}}},"6":{"name":"(anonymous_6)","line":39,"loc":{"start":{"line":39,"column":30},"end":{"line":39,"column":40}}}},"statementMap":{"1":{"start":{"line":3,"column":1},"end":{"line":45,"column":2}},"2":{"start":{"line":4,"column":2},"end":{"line":4,"column":19}},"3":{"start":{"line":6,"column":2},"end":{"line":42,"column":5}},"4":{"start":{"line":7,"column":4},"end":{"line":7,"column":44}},"5":{"start":{"line":8,"column":6},"end":{"line":8,"column":19}},"6":{"start":{"line":9,"column":6},"end":{"line":18,"column":9}},"7":{"start":{"line":10,"column":10},"end":{"line":10,"column":31}},"8":{"start":{"line":11,"column":10},"end":{"line":15,"column":11}},"9":{"start":{"line":12,"column":14},"end":{"line":12,"column":38}},"10":{"start":{"line":14,"column":14},"end":{"line":14,"column":43}},"11":{"start":{"line":16,"column":10},"end":{"line":16,"column":38}},"12":{"start":{"line":17,"column":10},"end":{"line":17,"column":66}},"13":{"start":{"line":20,"column":4},"end":{"line":31,"column":7}},"14":{"start":{"line":22,"column":6},"end":{"line":22,"column":77}},"15":{"start":{"line":24,"column":6},"end":{"line":24,"column":42}},"16":{"start":{"line":25,"column":6},"end":{"line":25,"column":37}},"17":{"start":{"line":26,"column":6},"end":{"line":29,"column":9}},"18":{"start":{"line":30,"column":6},"end":{"line":30,"column":40}},"19":{"start":{"line":34,"column":6},"end":{"line":37,"column":9}},"20":{"start":{"line":35,"column":10},"end":{"line":35,"column":53}},"21":{"start":{"line":36,"column":10},"end":{"line":36,"column":59}},"22":{"start":{"line":39,"column":6},"end":{"line":41,"column":9}},"23":{"start":{"line":40,"column":10},"end":{"line":40,"column":35}},"24":{"start":{"line":44,"column":2},"end":{"line":44,"column":17}},"25":{"start":{"line":47,"column":0},"end":{"line":47,"column":30}}},"branchMap":{"1":{"line":11,"type":"if","locations":[{"start":{"line":11,"column":10},"end":{"line":11,"column":10}},{"start":{"line":11,"column":10},"end":{"line":11,"column":10}}]},"2":{"line":11,"type":"binary-expr","locations":[{"start":{"line":11,"column":14},"end":{"line":11,"column":26}},{"start":{"line":11,"column":30},"end":{"line":11,"column":51}}]}},"l":{"3":1,"4":1,"6":1,"7":10,"8":10,"9":10,"10":7,"11":7,"12":0,"14":0,"16":7,"17":7,"20":10,"22":1,"24":1,"25":1,"26":1,"30":1,"34":10,"35":1,"36":1,"39":10,"40":7,"44":1,"47":1}}}
