TN:
SF:/Users/olegbelousov/dev/kaparaio/fullstack/sockets/base.js
FN:3,handleSocket
FN:6,(anonymous_2)
FN:9,(anonymous_3)
FN:20,(anonymous_4)
FN:34,(anonymous_5)
FN:39,(anonymous_6)
FNF:6
FNH:6
FNDA:1,handleSocket
FNDA:10,(anonymous_2)
FNDA:7,(anonymous_3)
FNDA:1,(anonymous_4)
FNDA:1,(anonymous_5)
FNDA:7,(anonymous_6)
DA:3,1
DA:4,1
DA:6,1
DA:7,10
DA:8,10
DA:9,10
DA:10,7
DA:11,7
DA:12,0
DA:14,0
DA:16,7
DA:17,7
DA:20,10
DA:22,1
DA:24,1
DA:25,1
DA:26,1
DA:30,1
DA:34,10
DA:35,1
DA:36,1
DA:39,10
DA:40,7
DA:44,1
DA:47,1
LF:25
LH:23
BRDA:11,1,0,0
BRDA:11,1,1,7
BRDA:11,2,0,7
BRDA:11,2,1,0
BRF:4
BRH:2
end_of_record
